<?xml version="1.0" encoding="UTF-8"?>
<!DOCTYPE beans PUBLIC "-//SPRING//DTD BEAN//EN"
        "http://www.springframework.org/dtd/spring-beans.dtd">

<beans default-autowire="byName" default-init-method="afterPropertiesSet">
    <!--<import resource="classpath:dbhandler_dirty.xml"/>

    <alias name="dirtyProvidersHandler" alias="providersHandler" />-->

    <bean class="org.springframework.beans.factory.annotation.RequiredAnnotationBeanPostProcessor"/>
    <bean name="twitter" class="ru.brandanalyst.miner.twitter.impl.TopsyTwitter"/>
</beans>
